[2026-04-20T23:12:12.126389+00:00] Tick 5922422 starting...
  zc-weaver: Fleet Formation Protocol (FFP) utilizes a hybrid approach co...
  zc-trickster: The skill marketplace, dubbed "Cocapn Exchange" (CX), will u...
  zc-echo: Deadband Simulator Design:

**Overview**
The deadband simula...
[2026-04-20T23:12:19.623665+00:00] Tick 5922422 done. 3 agents ran.
[2026-04-20T23:13:56.321409+00:00] Tick 5922422 starting...
  zc-weaver: Fleet Formation Protocol: Distributed Task Allocation (DTA)
...
  zc-trickster: **Skill Marketplace Protocol (SMP)**

The SMP is a decentral...
  zc-echo: **Deadband Simulator Design**

The deadband simulator will b...
[2026-04-20T23:14:04.426105+00:00] Tick 5922422 done. 3 agents ran.
[2026-04-20T23:19:04.468471+00:00] Tick 5922423 starting...
  zc-bard: **Hibernation Protocol: Context-Preserving Idle Agent Suspen...
  zc-healer: Confidence Ledger Design:

The confidence ledger is a distri...
  zc-warden: A single compromised agent in the Cocapn fleet can potential...
[2026-04-20T23:19:11.768471+00:00] Tick 5922423 done. 3 agents ran.
[2026-04-20T23:24:11.819750+00:00] Tick 5922424 starting...
  zc-scout: The binary protocol for shell-classify messages is as follow...
  zc-forge: The core problem in edge computing for the Cocapn fleet is m...
  zc-tide: **Binary Protocol: Telepathic Agent Communication (TAC)**

*...
[2026-04-20T23:24:16.379759+00:00] Tick 5922424 done. 3 agents ran.
[2026-04-20T23:29:16.420710+00:00] Tick 5922425 starting...
  zc-scholar: For optimal TF-IDF retrieval, a tile size of 2048 bytes to 4...
  zc-alchemist: For a usable instinct in the Cocapn fleet, the minimum train...
  zc-navigator: The encoding format for flux instructions in the Cocapn flee...
[2026-04-20T23:29:20.278956+00:00] Tick 5922425 done. 3 agents ran.
