[2026-04-20T23:30:01.478608+00:00] Fleet synthesizer starting...
  Loaded 21 entries from 12 agents
  Synthesis saved to /home/ubuntu/.openclaw/workspace/research/fleet-synthesis/synthesis-20260420-2330.md
  Preview: **1. Top 3 cross-cutting patterns:**

1. **Distributed systems and protocols**: Agents like zc-weaver (fleet_orchestration), zc-trickster (skill_dsl), and zc-echo (deadband_protocol) are working on di...
[2026-04-21T00:00:01.295018+00:00] Fleet synthesizer starting...
  Loaded 39 entries from 12 agents
  Synthesis saved to /home/ubuntu/.openclaw/workspace/research/fleet-synthesis/synthesis-20260421-0000.md
  Preview: ## Top 3 cross-cutting patterns
1. **Distributed systems and decentralized architectures**: Agents like zc-healer, zc-weaver, and zc-trickster are exploring decentralized approaches for confidence led...
[2026-04-21T00:30:01.438712+00:00] Fleet synthesizer starting...
  Loaded 54 entries from 12 agents
  Synthesis saved to /home/ubuntu/.openclaw/workspace/research/fleet-synthesis/synthesis-20260421-0030.md
  Preview: ## Step 1: Identify top 3 cross-cutting patterns
After analyzing the research outputs from 12 autonomous agents, three cross-cutting patterns emerge: **security and access control**, **efficient data ...
[2026-04-21T01:00:01.125562+00:00] Fleet synthesizer starting...
  Loaded 72 entries from 12 agents
  Synthesis saved to /home/ubuntu/.openclaw/workspace/research/fleet-synthesis/synthesis-20260421-0100.md
  Preview: ## Step 1: Identify cross-cutting patterns
After analyzing the research outputs from 12 autonomous agents, three cross-cutting patterns emerge: 
1. **Security and Access Control**: Agents like zc-ward...
[2026-04-21T01:30:01.249095+00:00] Fleet synthesizer starting...
  Loaded 90 entries from 12 agents
  Synthesis saved to /home/ubuntu/.openclaw/workspace/research/fleet-synthesis/synthesis-20260421-0130.md
  Preview: **Top 3 cross-cutting patterns:**

1. **Decentralization and distributed systems**: Many topics, such as confidence_proofs (zc-healer), deadband_protocol (zc-echo), and fleet_orchestration (zc-weaver)...
[2026-04-21T02:00:01.321748+00:00] Fleet synthesizer starting...
  Loaded 108 entries from 12 agents
  Synthesis saved to /home/ubuntu/.openclaw/workspace/research/fleet-synthesis/synthesis-20260421-0200.md
  Preview: ### 1. Top 3 cross-cutting patterns

1. **Decentralization and Distributed Systems**: Across topics like `confidence_proofs`, `deadband_protocol`, `fleet_orchestration`, and `skill_dsl`, there's a str...
[2026-04-21T02:30:01.083182+00:00] Fleet synthesizer starting...
  Loaded 126 entries from 12 agents
  Synthesis saved to /home/ubuntu/.openclaw/workspace/research/fleet-synthesis/synthesis-20260421-0230.md
  Preview: ## 1. Top 3 cross-cutting patterns
- **Confidence and Trust**: Agents like zc-healer, zc-warden, and zc-trickster are working on aspects of confidence, trust, and security, highlighting the importance...
[2026-04-21T03:00:01.544733+00:00] Fleet synthesizer starting...
  Loaded 144 entries from 12 agents
  Synthesis saved to /home/ubuntu/.openclaw/workspace/research/fleet-synthesis/synthesis-20260421-0300.md
  Preview: ## Step 1: Identify cross-cutting patterns
After analyzing the research outputs from the 12 autonomous agents, three cross-cutting patterns emerge: (1) the importance of efficient communication protoc...
[2026-04-21T03:30:01.548771+00:00] Fleet synthesizer starting...
  Loaded 162 entries from 12 agents
  Synthesis saved to /home/ubuntu/.openclaw/workspace/research/fleet-synthesis/synthesis-20260421-0330.md
  Preview: ## Top 3 cross-cutting patterns
1. **Distributed architectures**: Multiple agents (zc-weaver, zc-trickster, zc-tide) are exploring distributed architectures for various aspects of the Cocapn fleet, in...
[2026-04-21T04:00:01.713113+00:00] Fleet synthesizer starting...
  Loaded 177 entries from 12 agents
  Synthesis saved to /home/ubuntu/.openclaw/workspace/research/fleet-synthesis/synthesis-20260421-0400.md
  Preview: ## Top 3 cross-cutting patterns
1. **Decentralization and Distributed Systems**: Agents like zc-weaver (fleet_orchestration), zc-trickster (skill_dsl), and zc-scholar (knowledge_preservation) are expl...
[2026-04-21T04:30:01.948480+00:00] Fleet synthesizer starting...
  Loaded 195 entries from 12 agents
  Synthesis saved to /home/ubuntu/.openclaw/workspace/research/fleet-synthesis/synthesis-20260421-0430.md
  Preview: ## Top 3 cross-cutting patterns

1. **Distributed systems and protocols**: Multiple agents (zc-healer, zc-echo, zc-weaver) are researching distributed systems, protocols, and architectures to enable e...
[2026-04-21T05:00:01.682534+00:00] Fleet synthesizer starting...
  Loaded 210 entries from 12 agents
  Synthesis saved to /home/ubuntu/.openclaw/workspace/research/fleet-synthesis/synthesis-20260421-0500.md
  Preview: ## Step 1: Identify cross-cutting patterns
After analyzing the research outputs from the 12 autonomous agents, three cross-cutting patterns emerge: (1) the importance of distributed systems and protoc...
[2026-04-21T05:30:01.863145+00:00] Fleet synthesizer starting...
  Loaded 225 entries from 12 agents
  Synthesis saved to /home/ubuntu/.openclaw/workspace/research/fleet-synthesis/synthesis-20260421-0530.md
  Preview: **1. Top 3 cross-cutting patterns:**

1. **Distributed systems and protocols**: Agents like zc-healer (confidence_proofs), zc-echo (deadband_protocol), and zc-weaver (fleet_orchestration) are research...
[2026-04-21T06:00:01.710467+00:00] Fleet synthesizer starting...
  Loaded 237 entries from 12 agents
  Synthesis saved to /home/ubuntu/.openclaw/workspace/research/fleet-synthesis/synthesis-20260421-0600.md
  Preview: ## Top 3 cross-cutting patterns
1. **Decentralized architectures**: Multiple agents (zc-healer, zc-weaver, zc-trickster) are exploring decentralized approaches for confidence ledger management, fleet ...
[2026-04-21T06:30:01.351098+00:00] Fleet synthesizer starting...
  Loaded 240 entries from 12 agents
  Synthesis saved to /home/ubuntu/.openclaw/workspace/research/fleet-synthesis/synthesis-20260421-0630.md
  Preview: ## Top 3 cross-cutting patterns

1. **Distributed Systems and Scalability**: Many topics, such as `fleet_orchestration` (zc-weaver), `edge_compute` (zc-forge), and `telepathy` (zc-tide), emphasize the...
[2026-04-21T07:00:01.392333+00:00] Fleet synthesizer starting...
  Loaded 240 entries from 12 agents
  Synthesis saved to /home/ubuntu/.openclaw/workspace/research/fleet-synthesis/synthesis-20260421-0700.md
  Preview: ## 1. Top 3 cross-cutting patterns
The top 3 cross-cutting patterns that appear across multiple topics are:
- **Decentralization and Distribution**: Many agents, such as zc-weaver and zc-warden, empha...
[2026-04-21T07:30:01.579423+00:00] Fleet synthesizer starting...
  Loaded 240 entries from 12 agents
  Synthesis saved to /home/ubuntu/.openclaw/workspace/research/fleet-synthesis/synthesis-20260421-0730.md
  Preview: ## Top 3 cross-cutting patterns
1. **Decentralization and Distribution**: Many agents, such as zc-weaver, zc-warden, and zc-trickster, are exploring decentralized and distributed systems for various a...
