socket.send() raised exception.
socket.send() raised exception.
socket.send() raised exception.
socket.send() raised exception.
socket.send() raised exception.
socket.send() raised exception.
socket.send() raised exception.
socket.send() raised exception.
socket.send() raised exception.
socket.send() raised exception.
socket.send() raised exception.
socket.send() raised exception.
socket.send() raised exception.
socket.send() raised exception.
socket.send() raised exception.
socket.send() raised exception.
socket.send() raised exception.
socket.send() raised exception.
socket.send() raised exception.
socket.send() raised exception.
socket.send() raised exception.
socket.send() raised exception.
socket.send() raised exception.
socket.send() raised exception.
socket.send() raised exception.
socket.send() raised exception.
socket.send() raised exception.
socket.send() raised exception.
socket.send() raised exception.
socket.send() raised exception.
socket.send() raised exception.
socket.send() raised exception.
Task exception was never retrieved
future: <Task finished name='Task-49' coro=<handle_client() done, defined at /home/ubuntu/.openclaw/workspace/scripts/mud-telnet-server.py:133> exception=UnicodeDecodeError('utf-8', b"\x81x\x17\x01#\x00\x00\x00.\xca=\x08\xba\xba\xbd$\x00\xd6'\xff\xf5\xdd\xf9\xf1\x89\xb7\xf3\xb8\x17\xa8\xf7W\x1dE\x05$e\xa5V\xc7>\\\xdc", 0, 1, 'invalid start byte')>
Traceback (most recent call last):
  File "/home/ubuntu/.openclaw/workspace/scripts/mud-telnet-server.py", line 150, in handle_client
    name = name_data.decode().strip()[:32]
UnicodeDecodeError: 'utf-8' codec can't decode byte 0x81 in position 0: invalid start byte
Task exception was never retrieved
future: <Task finished name='Task-51' coro=<handle_client() done, defined at /home/ubuntu/.openclaw/workspace/scripts/mud-telnet-server.py:133> exception=UnicodeDecodeError('utf-8', b'\x10\x00\x00\x00G\xc0\x00\x00\x00\x00\x00\x00\xca\x00\xb4\x00', 5, 6, 'invalid start byte')>
Traceback (most recent call last):
  File "/home/ubuntu/.openclaw/workspace/scripts/mud-telnet-server.py", line 150, in handle_client
    name = name_data.decode().strip()[:32]
UnicodeDecodeError: 'utf-8' codec can't decode byte 0xc0 in position 5: invalid start byte
Task exception was never retrieved
future: <Task finished name='Task-53' coro=<handle_client() done, defined at /home/ubuntu/.openclaw/workspace/scripts/mud-telnet-server.py:133> exception=UnicodeDecodeError('utf-8', b'\x05\x04\x00\x01\x02\x80\x05\x01\x00\x03\n', 5, 6, 'invalid start byte')>
Traceback (most recent call last):
  File "/home/ubuntu/.openclaw/workspace/scripts/mud-telnet-server.py", line 150, in handle_client
    name = name_data.decode().strip()[:32]
UnicodeDecodeError: 'utf-8' codec can't decode byte 0x80 in position 5: invalid start byte
Task exception was never retrieved
future: <Task finished name='Task-55' coro=<handle_client() done, defined at /home/ubuntu/.openclaw/workspace/scripts/mud-telnet-server.py:133> exception=UnicodeDecodeError('utf-8', b'\xc2\xe5\xe5\xe5\x9e\xa0\xd7\xa4\xa6\xd0\xd5\xdd\xdc\xc8\xd6\xdd\xd7\xd5\xc8\xd1\xd6\x83\x80\xc8\xdd\xa4\xd1\xa1\xc8\xa4\xd2\xd5\xd7\xdd\xa3\xa4\xa1\xdd\xa6\xd7\xdd\x98\xe5', 0, 1, 'invalid continuation byte')>
Traceback (most recent call last):
  File "/home/ubuntu/.openclaw/workspace/scripts/mud-telnet-server.py", line 150, in handle_client
    name = name_data.decode().strip()[:32]
UnicodeDecodeError: 'utf-8' codec can't decode byte 0xc2 in position 0: invalid continuation byte
Task exception was never retrieved
future: <Task finished name='Task-61' coro=<handle_client() done, defined at /home/ubuntu/.openclaw/workspace/scripts/mud-telnet-server.py:133> exception=UnicodeDecodeError('utf-8', b"\x16\x03\x03\x00\xac\x01\x00\x00\xa8\x03\x03e\x82\x9e\xadG\x11\xcd\xe1]\xcf\xc7\xde\xc2\xfa\xaa\x01\xbd\x9e\x90\x05\x08W@\xff\xf3\xd5\xc6\x1d\x1d\xff\x10\r\x00\x00*\xc0,\xc0+\xc00\xc0/\x00\x9f\x00\x9e\xc0$\xc0#\xc0(\xc0'\xc0\n", 4, 5, 'invalid start byte')>
Traceback (most recent call last):
  File "/home/ubuntu/.openclaw/workspace/scripts/mud-telnet-server.py", line 150, in handle_client
    name = name_data.decode().strip()[:32]
UnicodeDecodeError: 'utf-8' codec can't decode byte 0xac in position 4: invalid start byte
Task exception was never retrieved
future: <Task finished name='Task-63' coro=<handle_client() done, defined at /home/ubuntu/.openclaw/workspace/scripts/mud-telnet-server.py:133> exception=UnicodeDecodeError('utf-8', b"\x16\x03\x01\x00\xee\x01\x00\x00\xea\x03\x03\x10\xb8\x00;\xae`\x99\x89\xa8XlF\xea9>#'\x1f\xfc\x83\xd3\x0f\x1f\xe2\xd1\xde\xfc7\xca\xe4\x8b\xf9 E\xa9R\xc9\xb4X\xf9\x8c\x18_Bk?T|\x08\x7f\xc2\xd3\xa6\xb0\xd0:\x15+8\r\r\x1e\xd1>\x86\x00&\xc0/\xc00\xc0+\xc0,\xcc\xa8\xcc\xa9\xc0\x13\xc0\t\xc0\x14\xc0\n", 4, 5, 'invalid continuation byte')>
Traceback (most recent call last):
  File "/home/ubuntu/.openclaw/workspace/scripts/mud-telnet-server.py", line 150, in handle_client
    name = name_data.decode().strip()[:32]
UnicodeDecodeError: 'utf-8' codec can't decode byte 0xee in position 4: invalid continuation byte
Task exception was never retrieved
future: <Task finished name='Task-73' coro=<handle_client() done, defined at /home/ubuntu/.openclaw/workspace/scripts/mud-telnet-server.py:133> exception=UnicodeDecodeError('utf-8', b'\x80\x00\x00(r\xfe\x1d\x13\x00\x00\x00\x00\x00\x00\x00\x02\x00\x01\x86\xa0\x00\x01\x97|\x00\x00\x00\x00\x00\x00\x00\x00\x00\x00\x00\x00\x00\x00\x00\x00\x00\x00\x00\x00', 0, 1, 'invalid start byte')>
Traceback (most recent call last):
  File "/home/ubuntu/.openclaw/workspace/scripts/mud-telnet-server.py", line 150, in handle_client
    name = name_data.decode().strip()[:32]
UnicodeDecodeError: 'utf-8' codec can't decode byte 0x80 in position 0: invalid start byte
Task exception was never retrieved
future: <Task finished name='Task-85' coro=<handle_client() done, defined at /home/ubuntu/.openclaw/workspace/scripts/mud-telnet-server.py:133> exception=UnicodeDecodeError('utf-8', b'\x00*(\xff\x01 \x00\x01\x00\x00\x00\x00\x00\x01\x03www\x05baidu\x03com\x00\x00\x01\x00\x01\x00\x00)\x10\x00\x00\x00\x00\x00\x00\x00', 3, 4, 'invalid start byte')>
Traceback (most recent call last):
  File "/home/ubuntu/.openclaw/workspace/scripts/mud-telnet-server.py", line 150, in handle_client
    name = name_data.decode().strip()[:32]
UnicodeDecodeError: 'utf-8' codec can't decode byte 0xff in position 3: invalid start byte
Task exception was never retrieved
future: <Task finished name='Task-108' coro=<handle_client() done, defined at /home/ubuntu/.openclaw/workspace/scripts/mud-telnet-server.py:133> exception=UnicodeDecodeError('utf-8', b'\x16\x03\x00\x00S\x01\x00\x00O\x03\x00?G\xd7\xf7\xba,\xee\xea\xb2`~\xf3\x00\xfd\x82{\xb9\xd5\x96\xc8w\x9b\xe6\xc4\xdb<=\xdbo\xef\x10n\x00\x00(\x00\x16\x00\x13\x00\n', 13, 14, 'invalid continuation byte')>
Traceback (most recent call last):
  File "/home/ubuntu/.openclaw/workspace/scripts/mud-telnet-server.py", line 150, in handle_client
    name = name_data.decode().strip()[:32]
UnicodeDecodeError: 'utf-8' codec can't decode byte 0xd7 in position 13: invalid continuation byte
Task exception was never retrieved
future: <Task finished name='Task-110' coro=<handle_client() done, defined at /home/ubuntu/.openclaw/workspace/scripts/mud-telnet-server.py:133> exception=UnicodeDecodeError('utf-8', b'\x03\x00\x00*%\xe0\x00\x00\x00\x00\x00Cookie: mstshash=nmap\r\n', 5, 6, 'invalid continuation byte')>
Traceback (most recent call last):
  File "/home/ubuntu/.openclaw/workspace/scripts/mud-telnet-server.py", line 150, in handle_client
    name = name_data.decode().strip()[:32]
UnicodeDecodeError: 'utf-8' codec can't decode byte 0xe0 in position 5: invalid continuation byte
Task exception was never retrieved
future: <Task finished name='Task-112' coro=<handle_client() done, defined at /home/ubuntu/.openclaw/workspace/scripts/mud-telnet-server.py:133> exception=UnicodeDecodeError('utf-8', b'\x03\x00\x00\x13\x0e\xe0\x00\x00\x00\x00\x00\x01\x00\x08\x00\x00\x00\x00\x00', 5, 6, 'invalid continuation byte')>
Traceback (most recent call last):
  File "/home/ubuntu/.openclaw/workspace/scripts/mud-telnet-server.py", line 150, in handle_client
    name = name_data.decode().strip()[:32]
UnicodeDecodeError: 'utf-8' codec can't decode byte 0xe0 in position 5: invalid continuation byte
Task exception was never retrieved
future: <Task finished name='Task-114' coro=<handle_client() done, defined at /home/ubuntu/.openclaw/workspace/scripts/mud-telnet-server.py:133> exception=UnicodeDecodeError('utf-8', b'\x16\x03\x00\x00i\x01\x00\x00e\x03\x03U\x1c\xa7\xe4random1random2random3random4\x00\x00\x0c\x00/\x00\n', 13, 14, 'invalid start byte')>
Traceback (most recent call last):
  File "/home/ubuntu/.openclaw/workspace/scripts/mud-telnet-server.py", line 150, in handle_client
    name = name_data.decode().strip()[:32]
UnicodeDecodeError: 'utf-8' codec can't decode byte 0xa7 in position 13: invalid start byte
Task exception was never retrieved
future: <Task finished name='Task-116' coro=<handle_client() done, defined at /home/ubuntu/.openclaw/workspace/scripts/mud-telnet-server.py:133> exception=UnicodeDecodeError('utf-8', b'\x00\x00\x00qj\x81n0\x81k\xa1\x03\x02\x01\x05\xa2\x03\x02\x01\n', 5, 6, 'invalid start byte')>
Traceback (most recent call last):
  File "/home/ubuntu/.openclaw/workspace/scripts/mud-telnet-server.py", line 150, in handle_client
    name = name_data.decode().strip()[:32]
UnicodeDecodeError: 'utf-8' codec can't decode byte 0x81 in position 5: invalid start byte
Task exception was never retrieved
future: <Task finished name='Task-118' coro=<handle_client() done, defined at /home/ubuntu/.openclaw/workspace/scripts/mud-telnet-server.py:133> exception=UnicodeDecodeError('utf-8', b'\x00\x00\x00\xb4\xfeSMB@\x00\x00\x00\x00\x00\x00\x00\x00\x00\x00\x00\x00\x00\x00\x00\x00\x00\x00\x00\x00\x00\x00\x00\x00\x00\x00\x00\x00\x00\x00\x00\x00\x00\x00\x00\x00\x00\x00\x00\x00\x00\x00\x001234567890123456$\x00\x05\x00\x01\x00\x00\x00\x00\x00\x00\x001234567890123456p\x00\x00\x00\x02\x00\x00\x00\x02\x02\x10\x02\x00\x03\x02\x03\x11\x03\x00\x00\x02\x00\x06\x00\x00\x00\x00\x00\x02\x00\x02\x00\x01\x00\x00\x00\x01\x00,\x00\x00\x00\x00\x00\x02\x00\x02\x00\x01\x00\x01\x00 \x00\x01\x00\x00\x00\x00\x00\x00\x00\x00\x00\x00\x00\x00\x00\x00\x00\x00\x00\x01\x00\x00\x00\x00\x00\x00\x00\x00\x00\x00\x00\x00\x00\x00\x00', 3, 4, 'invalid start byte')>
Traceback (most recent call last):
  File "/home/ubuntu/.openclaw/workspace/scripts/mud-telnet-server.py", line 150, in handle_client
    name = name_data.decode().strip()[:32]
UnicodeDecodeError: 'utf-8' codec can't decode byte 0xb4 in position 3: invalid start byte
Task exception was never retrieved
future: <Task finished name='Task-120' coro=<handle_client() done, defined at /home/ubuntu/.openclaw/workspace/scripts/mud-telnet-server.py:133> exception=UnicodeDecodeError('utf-8', b'\x00\x00\x00\xa4\xffSMBr\x00\x00\x00\x00\x08\x01@\x00\x00\x00\x00\x00\x00\x00\x00\x00\x00\x00\x00\x00\x00@\x06\x00\x00\x01\x00\x00\x81\x00\x02PC NETWORK PROGRAM 1.0\x00\x02MICROSOFT NETWORKS 1.03\x00\x02MICROSOFT NETWORKS 3.0\x00\x02LANMAN1.0\x00\x02LM1.2X002\x00\x02Samba\x00\x02NT LANMAN 1.0\x00\x02NT LM 0.12\x00', 3, 4, 'invalid start byte')>
Traceback (most recent call last):
  File "/home/ubuntu/.openclaw/workspace/scripts/mud-telnet-server.py", line 150, in handle_client
    name = name_data.decode().strip()[:32]
UnicodeDecodeError: 'utf-8' codec can't decode byte 0xa4 in position 3: invalid start byte
Task exception was never retrieved
future: <Task finished name='Task-129' coro=<handle_client() done, defined at /home/ubuntu/.openclaw/workspace/scripts/mud-telnet-server.py:133> exception=UnicodeDecodeError('utf-8', b'\xf9\xbe\xb4\xd9version\x00\x00\x00\x00\x00f\x00\x00\x00GH\xc3\x13\x7f\x11\x01\x00\r\x00\x00\x00\x00\x00\x00\x00\x06\t=Z\x00\x00\x00\x00\t\x00\x00\x00\x00\x00\x00\x00\x00\x00\x00\x00\x00\x00\x00\x00\x00\x00\xff\xffYKI\x0b \x8d\r\x00\x00\x00\x00\x00\x00\x00\x00\x00\x00\x00\x00\x00\x00\x00\x00\x00\x00\x00\x00\x00\x00\x00\x00\x00\x7f\xc4\xa3A\xfc\x04\xe7\xe4\x10/Satoshi:0.15.1/\x00\x00\x00\x00\x01', 0, 1, 'invalid start byte')>
Traceback (most recent call last):
  File "/home/ubuntu/.openclaw/workspace/scripts/mud-telnet-server.py", line 150, in handle_client
    name = name_data.decode().strip()[:32]
UnicodeDecodeError: 'utf-8' codec can't decode byte 0xf9 in position 0: invalid start byte
Task exception was never retrieved
future: <Task finished name='Task-131' coro=<handle_client() done, defined at /home/ubuntu/.openclaw/workspace/scripts/mud-telnet-server.py:133> exception=UnicodeDecodeError('utf-8', b'0\x84\x00\x00\x00-\x02\x01\x07c\x84\x00\x00\x00$\x04\x00\n', 1, 2, 'invalid start byte')>
Traceback (most recent call last):
  File "/home/ubuntu/.openclaw/workspace/scripts/mud-telnet-server.py", line 150, in handle_client
    name = name_data.decode().strip()[:32]
UnicodeDecodeError: 'utf-8' codec can't decode byte 0x84 in position 1: invalid start byte
Task exception was never retrieved
future: <Task finished name='Task-133' coro=<handle_client() done, defined at /home/ubuntu/.openclaw/workspace/scripts/mud-telnet-server.py:133> exception=UnicodeDecodeError('utf-8', b'0\x0c\x02\x01\x01`\x07\x02\x01\x02\x04\x00\x80\x00', 12, 13, 'invalid start byte')>
Traceback (most recent call last):
  File "/home/ubuntu/.openclaw/workspace/scripts/mud-telnet-server.py", line 150, in handle_client
    name = name_data.decode().strip()[:32]
UnicodeDecodeError: 'utf-8' codec can't decode byte 0x80 in position 12: invalid start byte
Task exception was never retrieved
future: <Task finished name='Task-164' coro=<handle_client() done, defined at /home/ubuntu/.openclaw/workspace/scripts/mud-telnet-server.py:133> exception=UnicodeDecodeError('utf-8', b'\x03\x00\x00\x0b\x06\xe0\x00\x00\x00\x00\x00', 5, 6, 'invalid continuation byte')>
Traceback (most recent call last):
  File "/home/ubuntu/.openclaw/workspace/scripts/mud-telnet-server.py", line 150, in handle_client
    name = name_data.decode().strip()[:32]
UnicodeDecodeError: 'utf-8' codec can't decode byte 0xe0 in position 5: invalid continuation byte
Task exception was never retrieved
future: <Task finished name='Task-166' coro=<handle_client() done, defined at /home/ubuntu/.openclaw/workspace/scripts/mud-telnet-server.py:133> exception=UnicodeDecodeError('utf-8', b'\x06\x83\xa4Join\xc3\xa5Nodes\x01\xacUserStateLen\x00\x87\xa4Addr\xb0\x00\x00\x00\x00\x00\x00\x00\x00\x00\x00\xff\xff\xc0\xa88\x01\xabIncarnation\x01\xa4Meta\xc0\xa4Name\xafDESKTOP-NR8TTVR\xa4Port\xcd\x1f\n', 1, 2, 'invalid start byte')>
Traceback (most recent call last):
  File "/home/ubuntu/.openclaw/workspace/scripts/mud-telnet-server.py", line 150, in handle_client
    name = name_data.decode().strip()[:32]
UnicodeDecodeError: 'utf-8' codec can't decode byte 0x83 in position 1: invalid start byte
Task exception was never retrieved
future: <Task finished name='Task-168' coro=<handle_client() done, defined at /home/ubuntu/.openclaw/workspace/scripts/mud-telnet-server.py:133> exception=UnicodeDecodeError('utf-8', b'\x12\x02index\x00\x00\x00\x00\x00\x00\x00\x00\x80\x00\x00\x00\x00', 15, 16, 'invalid start byte')>
Traceback (most recent call last):
  File "/home/ubuntu/.openclaw/workspace/scripts/mud-telnet-server.py", line 150, in handle_client
    name = name_data.decode().strip()[:32]
UnicodeDecodeError: 'utf-8' codec can't decode byte 0x80 in position 15: invalid start byte
Task exception was never retrieved
future: <Task finished name='Task-173' coro=<handle_client() done, defined at /home/ubuntu/.openclaw/workspace/scripts/mud-telnet-server.py:133> exception=UnicodeDecodeError('utf-8', b'\x00\x9c\x00\x01\x1a+<M\x00\x01\x00\x00\x01\x00\x00\x00\x00\x00\x00\x01\x00\x00\x00\x01\xff\xff\x00\x01none\x00\x00\x00\x00\x00\x00\x00\x00\x00\x00\x00\x00\x00\x00\x00\x00\x00\x00\x00\x00\x00\x00\x00\x00\x00\x00\x00\x00\x00\x00\x00\x00\x00\x00\x00\x00\x00\x00\x00\x00\x00\x00\x00\x00\x00\x00\x00\x00\x00\x00\x00\x00\x00\x00\x00\x00\x00\x00\x00\x00ppap\x00\x00\x00\x00\x00\x00\x00\x00\x00\x00\x00\x00\x00\x00\x00\x00\x00\x00\x00\x00\x00\x00\x00\x00\x00\x00\x00\x00\x00\x00\x00\x00\x00\x00\x00\x00\x00\x00\x00\x00\x00\x00\x00\x00\x00\x00\x00\x00\x00\x00\x00\x00\x00\x00\x00\x00\x00\x00\x00\x00', 1, 2, 'invalid start byte')>
Traceback (most recent call last):
  File "/home/ubuntu/.openclaw/workspace/scripts/mud-telnet-server.py", line 150, in handle_client
    name = name_data.decode().strip()[:32]
UnicodeDecodeError: 'utf-8' codec can't decode byte 0x9c in position 1: invalid start byte
Task exception was never retrieved
future: <Task finished name='Task-178' coro=<handle_client() done, defined at /home/ubuntu/.openclaw/workspace/scripts/mud-telnet-server.py:133> exception=UnicodeDecodeError('utf-8', b'\x80\x01\x00\x01\x00\x00\x00\x14anonymous_command_on\x00\x00\x00\x00\x08\x00\x01\x00\x00\x00\x00\x00', 0, 1, 'invalid start byte')>
Traceback (most recent call last):
  File "/home/ubuntu/.openclaw/workspace/scripts/mud-telnet-server.py", line 150, in handle_client
    name = name_data.decode().strip()[:32]
UnicodeDecodeError: 'utf-8' codec can't decode byte 0x80 in position 0: invalid start byte
Task exception was never retrieved
future: <Task finished name='Task-180' coro=<handle_client() done, defined at /home/ubuntu/.openclaw/workspace/scripts/mud-telnet-server.py:133> exception=UnicodeDecodeError('utf-8', b'\x00\x12\x00\x00\x7f\xff\xff\xf8\x00\x00', 5, 6, 'invalid start byte')>
Traceback (most recent call last):
  File "/home/ubuntu/.openclaw/workspace/scripts/mud-telnet-server.py", line 170, in handle_client
    cmd = data.decode().strip()
UnicodeDecodeError: 'utf-8' codec can't decode byte 0xff in position 5: invalid start byte
Task exception was never retrieved
future: <Task finished name='Task-189' coro=<handle_client() done, defined at /home/ubuntu/.openclaw/workspace/scripts/mud-telnet-server.py:133> exception=UnicodeDecodeError('utf-8', b'\xa0\x05\x00`\x00\x00\x00\x00\x00\x00\x00\x00\x00\x00\x00\x00\x00\x00\x00\x00\x00\x00\x00\x00\x05\x02\x00\x01\x00\x00\xa1\xaa', 0, 1, 'invalid start byte')>
Traceback (most recent call last):
  File "/home/ubuntu/.openclaw/workspace/scripts/mud-telnet-server.py", line 150, in handle_client
    name = name_data.decode().strip()[:32]
UnicodeDecodeError: 'utf-8' codec can't decode byte 0xa0 in position 0: invalid start byte
Task exception was never retrieved
future: <Task finished name='Task-191' coro=<handle_client() done, defined at /home/ubuntu/.openclaw/workspace/scripts/mud-telnet-server.py:133> exception=UnicodeDecodeError('utf-8', b'\xf1\xf5\xea\xf5\x00\x00]\x00\x00\x00\x00\x00\x00\x00\x00\x00I\x00\x00\x00223.75.123.71\tIP\tUSER\tLOGON\tQWRtaW4=\tQWRtaW4=\t\t65536\tUTF-8\t805306367\t1\n', 0, 1, 'invalid continuation byte')>
Traceback (most recent call last):
  File "/home/ubuntu/.openclaw/workspace/scripts/mud-telnet-server.py", line 150, in handle_client
    name = name_data.decode().strip()[:32]
UnicodeDecodeError: 'utf-8' codec can't decode byte 0xf1 in position 0: invalid continuation byte
Task exception was never retrieved
future: <Task finished name='Task-197' coro=<handle_client() done, defined at /home/ubuntu/.openclaw/workspace/scripts/mud-telnet-server.py:133> exception=UnicodeDecodeError('utf-8', b'2W\x00\x00\x00\x012C\x00\x00\x00wx^\x00j\x00\x95\xff2J\x00\x00\x00\x01\x00\x00\x00`{"@timestamp":"2023-11-10T16:31:19.3549634+08:00","message":"t","offset":1000,"type":"filebeat"}\x03\x006\x8a\x1b\x7f', 17, 18, 'invalid start byte')>
Traceback (most recent call last):
  File "/home/ubuntu/.openclaw/workspace/scripts/mud-telnet-server.py", line 150, in handle_client
    name = name_data.decode().strip()[:32]
UnicodeDecodeError: 'utf-8' codec can't decode byte 0x95 in position 17: invalid start byte
Task exception was never retrieved
future: <Task finished name='Task-202' coro=<handle_client() done, defined at /home/ubuntu/.openclaw/workspace/scripts/mud-telnet-server.py:133> exception=UnicodeDecodeError('utf-8', b'HELF;\x00\x00\x00\x00\x00\x00\x00\xff\xff\xff\x7f\xff\xff\xff\x7f\x00\x00\x00\x00\x00\x00\x00\x00\x1b\x00\x00\x00opc.tcp://85.214.126.3:4840', 12, 13, 'invalid start byte')>
Traceback (most recent call last):
  File "/home/ubuntu/.openclaw/workspace/scripts/mud-telnet-server.py", line 150, in handle_client
    name = name_data.decode().strip()[:32]
UnicodeDecodeError: 'utf-8' codec can't decode byte 0xff in position 12: invalid start byte
Task exception was never retrieved
future: <Task finished name='Task-213' coro=<handle_client() done, defined at /home/ubuntu/.openclaw/workspace/scripts/mud-telnet-server.py:133> exception=UnicodeDecodeError('utf-8', b'\x86t\x00\x00\x00\x05\x00+\x0e\x01\x00', 0, 1, 'invalid start byte')>
Traceback (most recent call last):
  File "/home/ubuntu/.openclaw/workspace/scripts/mud-telnet-server.py", line 150, in handle_client
    name = name_data.decode().strip()[:32]
UnicodeDecodeError: 'utf-8' codec can't decode byte 0x86 in position 0: invalid start byte
Task exception was never retrieved
future: <Task finished name='Task-215' coro=<handle_client() done, defined at /home/ubuntu/.openclaw/workspace/scripts/mud-telnet-server.py:133> exception=UnicodeDecodeError('utf-8', b'\x03\x00\x00\x16\x11\xe0\x00\x00\x00\x14\x00\xc1\x02\x01\x00\xc2\x02\x01\x02\xc0\x01\n', 5, 6, 'invalid continuation byte')>
Traceback (most recent call last):
  File "/home/ubuntu/.openclaw/workspace/scripts/mud-telnet-server.py", line 150, in handle_client
    name = name_data.decode().strip()[:32]
UnicodeDecodeError: 'utf-8' codec can't decode byte 0xe0 in position 5: invalid continuation byte
Task exception was never retrieved
future: <Task finished name='Task-217' coro=<handle_client() done, defined at /home/ubuntu/.openclaw/workspace/scripts/mud-telnet-server.py:133> exception=UnicodeDecodeError('utf-8', b'DmdT\x00\x00\x00\x17\x00\x00\x00\x01\x00\x00\x00\x00\x11\x11\x00\xff\x01\xff\x13', 19, 20, 'invalid start byte')>
Traceback (most recent call last):
  File "/home/ubuntu/.openclaw/workspace/scripts/mud-telnet-server.py", line 150, in handle_client
    name = name_data.decode().strip()[:32]
UnicodeDecodeError: 'utf-8' codec can't decode byte 0xff in position 19: invalid start byte
Task exception was never retrieved
future: <Task finished name='Task-225' coro=<handle_client() done, defined at /home/ubuntu/.openclaw/workspace/scripts/mud-telnet-server.py:133> exception=UnicodeDecodeError('utf-8', b'\x01\x00\x00\xfd\xce\xfa\x0b\xb0\xa0\x00\x00\x00MMS\x14\x00\x00\x00\x00\x00\x00\x00\x00\x00\x00\x00\x00\x00\x00\x00\x12\x00\x00\x00\x01\x00\x03\x00\xf0\xf0\xf0\xf0\x0b\x00\x04\x00\x1c\x00\x03\x00N\x00S\x00P\x00l\x00a\x00y\x00e\x00r\x00/\x009\x00.\x000\x00.\x000\x00.\x002\x009\x008\x000\x00;\x00 \x00{\x000\x000\x000\x000\x00A\x00A\x000\x000\x00-\x000\x00A\x000\x000\x00-\x000\x000\x00a\x000\x00-\x00A\x00A\x000\x00A\x00-\x000\x000\x000\x000\x00A\x000\x00A\x00A\x000\x00A\x00A\x000\x00}\x00\x00\x00\xe0m\xdf_', 3, 4, 'invalid start byte')>
Traceback (most recent call last):
  File "/home/ubuntu/.openclaw/workspace/scripts/mud-telnet-server.py", line 150, in handle_client
    name = name_data.decode().strip()[:32]
UnicodeDecodeError: 'utf-8' codec can't decode byte 0xfd in position 3: invalid start byte
Task exception was never retrieved
future: <Task finished name='Task-227' coro=<handle_client() done, defined at /home/ubuntu/.openclaw/workspace/scripts/mud-telnet-server.py:133> exception=UnicodeDecodeError('utf-8', b'\x00Z\x00\x00\x01\x00\x00\x00\x016\x01,\x00\x00\x08\x00\x7f\xff\x7f\x08\x00\x00\x00\x01\x00 \x00:\x00\x00\x00\x00\x00\x00\x00\x00\x00\x00\x00\x00\x00\x00\x00\x004\xe6\x00\x00\x00\x01\x00\x00\x00\x00\x00\x00\x00\x00(CONNECT_DATA=(COMMAND=version))', 17, 18, 'invalid start byte')>
Traceback (most recent call last):
  File "/home/ubuntu/.openclaw/workspace/scripts/mud-telnet-server.py", line 150, in handle_client
    name = name_data.decode().strip()[:32]
UnicodeDecodeError: 'utf-8' codec can't decode byte 0xff in position 17: invalid start byte
Task exception was never retrieved
future: <Task finished name='Task-232' coro=<handle_client() done, defined at /home/ubuntu/.openclaw/workspace/scripts/mud-telnet-server.py:133> exception=UnicodeDecodeError('utf-8', b'\x12\x01\x004\x00\x00\x00\x00\x00\x00\x15\x00\x06\x01\x00\x1b\x00\x01\x02\x00\x1c\x00\x0c\x03\x00(\x00\x04\xff\x08\x00\x01U\x00\x00\x00MSSQLServer\x00H\x0f\x00\x00', 28, 29, 'invalid start byte')>
Traceback (most recent call last):
  File "/home/ubuntu/.openclaw/workspace/scripts/mud-telnet-server.py", line 150, in handle_client
    name = name_data.decode().strip()[:32]
UnicodeDecodeError: 'utf-8' codec can't decode byte 0xff in position 28: invalid start byte
Task exception was never retrieved
future: <Task finished name='Task-237' coro=<handle_client() done, defined at /home/ubuntu/.openclaw/workspace/scripts/mud-telnet-server.py:133> exception=UnicodeDecodeError('utf-8', b'\x01\xc2\x00\x00\x00\x04\x00\x00\xb6\x01\x00\x00SQLDB2RA\x00\x01\x00\x00\x04\x01\x01\x00\x05\x00\x1d\x00\x88\x00\x00\x00\x01\x00\x00\x80\x00\x00\x00\x01\t\x00\x00\x00\x01\x00\x00@\x00\x00\x00\x01\t\x00\x00\x00\x01\x00\x00@\x00\x00\x00\x01\x08\x00\x00\x00\x04\x00\x00@\x00\x00\x00\x01\x04\x00\x00\x00\x01\x00\x00@\x00\x00\x00@\x04\x00\x00\x00\x04\x00\x00@\x00\x00\x00\x01\x04\x00\x00\x00\x04\x00\x00@\x00\x00\x00\x01\x04\x00\x00\x00\x04\x00\x00@\x00\x00\x00\x01\x04\x00\x00\x00\x02\x00\x00@\x00\x00\x00\x01\x04\x00\x00\x00\x04\x00\x00@\x00\x00\x00\x01\x00\x00\x00\x00\x01\x00\x00@\x00\x00\x00\x00\x04\x00\x00\x00\x04\x00\x00\x80\x00\x00\x00\x01\x04\x00\x00\x00\x04\x00\x00\x80\x00\x00\x00\x01\x04\x00\x00\x00\x03\x00\x00\x80\x00\x00\x00\x01\x04\x00\x00\x00\x04\x00\x00\x80\x00\x00\x00\x01\x08\x00\x00\x00\x01\x00\x00@\x00\x00\x00\x01\x04\x00\x00\x00\x04\x00\x00@\x00\x00\x00\x01\x10\x00\x00\x00\x01\x00\x00\x80\x00\x00\x00\x01\x10\x00\x00\x00\x01\x00\x00\x80\x00\x00\x00\x01\x04\x00\x00\x00\x04\x00\x00@\x00\x00\x00\x01\t\x00\x00\x00\x01\x00\x00@\x00\x00\x00\x01\t\x00\x00\x00\x01\x00\x00\x80\x00\x00\x00\x01\x04\x00\x00\x00\x03\x00\x00\x80\x00\x00\x00\x01\x00\x00\x00\x00\x00\x00\x00\x00\x00\x00\x00\x00\x01\x04\x00\x00\x01\x00\x00\x80\x00\x00\x00\x01\x00\x00\x00\x00\x00\x00\x00\x00\x00\x00\x00\x00\x00\x00\x00\x00\x00\x00\x00\x00\x00\x00\x00\x00\x00\x00\x00\x00\x01\x00\x00@\x00\x00\x00\x01\x00\x00\x00\x00\x01\x00\x00@\x00\x00\x00\x00        \x00\x00\x00\x00\x00\x00\x00\x00\x00\x00\x00\x00\x00\x00\x00\x00\x01\x00\xff\x00\x00\x00\x00\x00\x00\x00\x00\x00\x00\x00\x00\x00\x00\x00\x00\x00\x00\x00\x00\x00\xe4\x04\x00\x00\x00\x00\x00\x00\x00\x00\x00\x00\x00\x00\x00\x00\x00\x00\x00\x00\x00\x7f', 1, 2, 'invalid continuation byte')>
Traceback (most recent call last):
  File "/home/ubuntu/.openclaw/workspace/scripts/mud-telnet-server.py", line 150, in handle_client
    name = name_data.decode().strip()[:32]
UnicodeDecodeError: 'utf-8' codec can't decode byte 0xc2 in position 1: invalid continuation byte
Task exception was never retrieved
future: <Task finished name='Task-242' coro=<handle_client() done, defined at /home/ubuntu/.openclaw/workspace/scripts/mud-telnet-server.py:133> exception=UnicodeDecodeError('utf-8', b'A\x00\x00\x00:0\x00\x00\xff\xff\xff\xff\xd4\x07\x00\x00\x00\x00\x00\x00test.$cmd\x00\x00\x00\x00\x00\xff\xff\xff\xff\x1b\x00\x00\x00\x01serverStatus\x00\x00\x00\x00\x00\x00\x00\xf0?\x00', 8, 9, 'invalid start byte')>
Traceback (most recent call last):
  File "/home/ubuntu/.openclaw/workspace/scripts/mud-telnet-server.py", line 150, in handle_client
    name = name_data.decode().strip()[:32]
UnicodeDecodeError: 'utf-8' codec can't decode byte 0xff in position 8: invalid start byte
Task exception was never retrieved
future: <Task finished name='Task-249' coro=<handle_client() done, defined at /home/ubuntu/.openclaw/workspace/scripts/mud-telnet-server.py:133> exception=UnicodeDecodeError('utf-8', b'\xfe\x01', 0, 1, 'invalid start byte')>
Traceback (most recent call last):
  File "/home/ubuntu/.openclaw/workspace/scripts/mud-telnet-server.py", line 150, in handle_client
    name = name_data.decode().strip()[:32]
UnicodeDecodeError: 'utf-8' codec can't decode byte 0xfe in position 0: invalid start byte
Task exception was never retrieved
future: <Task finished name='Task-257' coro=<handle_client() done, defined at /home/ubuntu/.openclaw/workspace/scripts/mud-telnet-server.py:133> exception=UnicodeDecodeError('utf-8', b'CNXN\x00\x00\x00\x01\x00\x10\x00\x00\x07\x00\x00\x002\x02\x00\x00\xbc\xb1\xa7\xb1host::\x00', 20, 21, 'invalid start byte')>
Traceback (most recent call last):
  File "/home/ubuntu/.openclaw/workspace/scripts/mud-telnet-server.py", line 150, in handle_client
    name = name_data.decode().strip()[:32]
UnicodeDecodeError: 'utf-8' codec can't decode byte 0xbc in position 20: invalid start byte
socket.send() raised exception.
socket.send() raised exception.
socket.send() raised exception.
socket.send() raised exception.
socket.send() raised exception.
socket.send() raised exception.
socket.send() raised exception.
socket.send() raised exception.
socket.send() raised exception.
socket.send() raised exception.
socket.send() raised exception.
socket.send() raised exception.
socket.send() raised exception.
socket.send() raised exception.
socket.send() raised exception.
socket.send() raised exception.
socket.send() raised exception.
socket.send() raised exception.
socket.send() raised exception.
socket.send() raised exception.
socket.send() raised exception.
socket.send() raised exception.
socket.send() raised exception.
socket.send() raised exception.
socket.send() raised exception.
socket.send() raised exception.
socket.send() raised exception.
socket.send() raised exception.
socket.send() raised exception.
socket.send() raised exception.
socket.send() raised exception.
socket.send() raised exception.
socket.send() raised exception.
socket.send() raised exception.
socket.send() raised exception.
socket.send() raised exception.
socket.send() raised exception.
socket.send() raised exception.
socket.send() raised exception.
socket.send() raised exception.
socket.send() raised exception.
socket.send() raised exception.
socket.send() raised exception.
socket.send() raised exception.
socket.send() raised exception.
socket.send() raised exception.
socket.send() raised exception.
socket.send() raised exception.
socket.send() raised exception.
socket.send() raised exception.
socket.send() raised exception.
socket.send() raised exception.
socket.send() raised exception.
socket.send() raised exception.
socket.send() raised exception.
socket.send() raised exception.
socket.send() raised exception.
socket.send() raised exception.
socket.send() raised exception.
socket.send() raised exception.
socket.send() raised exception.
socket.send() raised exception.
socket.send() raised exception.
socket.send() raised exception.
socket.send() raised exception.
socket.send() raised exception.
socket.send() raised exception.
socket.send() raised exception.
socket.send() raised exception.
socket.send() raised exception.
socket.send() raised exception.
socket.send() raised exception.
socket.send() raised exception.
socket.send() raised exception.
socket.send() raised exception.
socket.send() raised exception.
socket.send() raised exception.
socket.send() raised exception.
socket.send() raised exception.
socket.send() raised exception.
socket.send() raised exception.
socket.send() raised exception.
socket.send() raised exception.
socket.send() raised exception.
socket.send() raised exception.
socket.send() raised exception.
socket.send() raised exception.
socket.send() raised exception.
socket.send() raised exception.
socket.send() raised exception.
socket.send() raised exception.
socket.send() raised exception.
socket.send() raised exception.
socket.send() raised exception.
socket.send() raised exception.
socket.send() raised exception.
socket.send() raised exception.
socket.send() raised exception.
socket.send() raised exception.
socket.send() raised exception.
socket.send() raised exception.
socket.send() raised exception.
socket.send() raised exception.
socket.send() raised exception.
socket.send() raised exception.
socket.send() raised exception.
socket.send() raised exception.
socket.send() raised exception.
socket.send() raised exception.
socket.send() raised exception.
socket.send() raised exception.
socket.send() raised exception.
socket.send() raised exception.
socket.send() raised exception.
socket.send() raised exception.
socket.send() raised exception.
socket.send() raised exception.
socket.send() raised exception.
socket.send() raised exception.
socket.send() raised exception.
socket.send() raised exception.
socket.send() raised exception.
socket.send() raised exception.
socket.send() raised exception.
socket.send() raised exception.
socket.send() raised exception.
socket.send() raised exception.
socket.send() raised exception.
socket.send() raised exception.
socket.send() raised exception.
socket.send() raised exception.
socket.send() raised exception.
socket.send() raised exception.
socket.send() raised exception.
socket.send() raised exception.
socket.send() raised exception.
socket.send() raised exception.
socket.send() raised exception.
socket.send() raised exception.
socket.send() raised exception.
socket.send() raised exception.
socket.send() raised exception.
socket.send() raised exception.
socket.send() raised exception.
socket.send() raised exception.
socket.send() raised exception.
socket.send() raised exception.
socket.send() raised exception.
socket.send() raised exception.
socket.send() raised exception.
socket.send() raised exception.
socket.send() raised exception.
socket.send() raised exception.
socket.send() raised exception.
socket.send() raised exception.
socket.send() raised exception.
Task exception was never retrieved
future: <Task finished name='Task-441' coro=<handle_client() done, defined at /home/ubuntu/.openclaw/workspace/scripts/mud-telnet-server.py:133> exception=UnicodeDecodeError('utf-8', b"\x16\x03\x01\x05\xc6\x01\x00\x05\xc2\x03\x03r'\xe1\xef\x90^:\x91\x9a\xcaF\x00\x88\xdf\xa9\x7f&D(q\x8a\x13~\x97\xf0}\xeb\x0b\xb5K\xd5\xd3 4$\xa4)\x0eH\xe6a\xed\xdb3\xc7O\xb6\xfe\x9cY\xb4\xda\xee\xed\x0b\x8aj\xe7v(B\xfc\xdfx\xa3\x00\x1a\xc0+\xc0/\xc0,\xc00\xcc\xa9\xcc\xa8\xc0\t\xc0\x13\xc0\n", 4, 5, 'invalid continuation byte')>
Traceback (most recent call last):
  File "/home/ubuntu/.openclaw/workspace/scripts/mud-telnet-server.py", line 150, in handle_client
    name = name_data.decode().strip()[:32]
UnicodeDecodeError: 'utf-8' codec can't decode byte 0xc6 in position 4: invalid continuation byte
Task exception was never retrieved
future: <Task finished name='Task-443' coro=<handle_client() done, defined at /home/ubuntu/.openclaw/workspace/scripts/mud-telnet-server.py:133> exception=UnicodeDecodeError('utf-8', b"\x16\x03\x01\x00\xca\x01\x00\x00\xc6\x03\x03\xf2\xa5\x9d\xd1g\xfb\x80! ^\xab\x04\xf1\xbd\xbfD\td\xeeZ4-\x08kQ\xd4\x90y\x06\xa0J\xa9\x00\x00h\xcc\x14\xcc\x13\xc0/\xc0+\xc00\xc0,\xc0\x11\xc0\x07\xc0'\xc0#\xc0\x13\xc0\t\xc0(\xc0$\xc0\x14\xc0\n", 4, 5, 'invalid continuation byte')>
Traceback (most recent call last):
  File "/home/ubuntu/.openclaw/workspace/scripts/mud-telnet-server.py", line 150, in handle_client
    name = name_data.decode().strip()[:32]
UnicodeDecodeError: 'utf-8' codec can't decode byte 0xca in position 4: invalid continuation byte
socket.send() raised exception.
socket.send() raised exception.
socket.send() raised exception.
socket.send() raised exception.
socket.send() raised exception.
socket.send() raised exception.
socket.send() raised exception.
socket.send() raised exception.
socket.send() raised exception.
socket.send() raised exception.
socket.send() raised exception.
socket.send() raised exception.
socket.send() raised exception.
socket.send() raised exception.
socket.send() raised exception.
socket.send() raised exception.
