[2026-04-20T22:50:01Z] OK — all services checked
[2026-04-20T22:55:01Z] OK — all services checked
[2026-04-20T23:00:01Z] OK — all services checked
[2026-04-20T23:05:01Z] OK — all services checked
[2026-04-20T23:10:01Z] OK — all services checked
[2026-04-20T23:15:01Z] OK — all services checked
[2026-04-20T23:20:01Z] OK — all services checked
[2026-04-20T23:25:01Z] OK — all services checked
[2026-04-20T23:30:01Z] OK — all services checked
[2026-04-20T23:35:01Z] OK — all services checked
[2026-04-20T23:40:01Z] OK — all services checked
[2026-04-20T23:45:01Z] OK — all services checked
[2026-04-20T23:50:01Z] OK — all services checked
[2026-04-20T23:55:01Z] OK — all services checked
[2026-04-21T00:00:01Z] OK — all services checked
[2026-04-21T00:05:01Z] OK — all services checked
[2026-04-21T00:10:01Z] OK — all services checked
[2026-04-21T00:15:01Z] OK — all services checked
[2026-04-21T00:20:01Z] OK — all services checked
[2026-04-21T00:25:01Z] OK — all services checked
[2026-04-21T00:30:01Z] OK — all services checked
[2026-04-21T00:35:01Z] OK — all services checked
[2026-04-21T00:40:01Z] OK — all services checked
[2026-04-21T00:45:02Z] OK — all services checked
[2026-04-21T00:50:01Z] OK — all services checked
[2026-04-21T00:55:01Z] OK — all services checked
[2026-04-21T01:00:01Z] OK — all services checked
[2026-04-21T01:05:01Z] OK — all services checked
[2026-04-21T01:10:01Z] OK — all services checked
[2026-04-21T01:15:01Z] OK — all services checked
[2026-04-21T01:20:01Z] OK — all services checked
[2026-04-21T01:25:01Z] OK — all services checked
[2026-04-21T01:30:01Z] OK — all services checked
[2026-04-21T01:35:01Z] OK — all services checked
[2026-04-21T01:40:01Z] OK — all services checked
[2026-04-21T01:45:01Z] DOWN agent-api:8901
[2026-04-21T01:45:01Z] RESTART agent-api:8901 via /home/ubuntu/.openclaw/workspace/scripts/agent-api.py
[2026-04-21T01:45:05Z] FAILED agent-api:8901
[2026-04-21T01:45:05Z] DOWN plato-server:8847
[2026-04-21T01:45:05Z] RESTART plato-server:8847 via /home/ubuntu/.openclaw/workspace/scripts/plato-room-server.py
[2026-04-21T01:45:09Z] FAILED plato-server:8847
[2026-04-21T01:45:09Z] OK — all services checked
[2026-04-21T01:50:01Z] OK — all services checked
[2026-04-21T01:55:01Z] OK — all services checked
[2026-04-21T02:00:01Z] OK — all services checked
[2026-04-21T02:05:01Z] OK — all services checked
[2026-04-21T02:10:01Z] OK — all services checked
[2026-04-21T02:15:01Z] OK — all services checked
[2026-04-21T02:20:01Z] OK — all services checked
[2026-04-21T02:25:01Z] OK — all services checked
[2026-04-21T02:30:01Z] OK — all services checked
[2026-04-21T02:35:01Z] OK — all services checked
[2026-04-21T02:40:01Z] OK — all services checked
[2026-04-21T02:45:01Z] OK — all services checked
[2026-04-21T02:50:01Z] OK — all services checked
[2026-04-21T02:55:01Z] OK — all services checked
[2026-04-21T03:00:01Z] OK — all services checked
[2026-04-21T03:05:01Z] OK — all services checked
[2026-04-21T03:10:01Z] OK — all services checked
[2026-04-21T03:15:01Z] OK — all services checked
[2026-04-21T03:20:01Z] OK — all services checked
[2026-04-21T03:25:01Z] OK — all services checked
[2026-04-21T03:30:01Z] OK — all services checked
[2026-04-21T03:35:01Z] OK — all services checked
[2026-04-21T03:40:01Z] OK — all services checked
[2026-04-21T03:45:01Z] OK — all services checked
[2026-04-21T03:50:01Z] OK — all services checked
[2026-04-21T03:55:01Z] OK — all services checked
[2026-04-21T04:00:01Z] OK — all services checked
[2026-04-21T04:05:01Z] OK — all services checked
[2026-04-21T04:10:01Z] OK — all services checked
[2026-04-21T04:15:01Z] OK — all services checked
[2026-04-21T04:20:01Z] OK — all services checked
[2026-04-21T04:25:01Z] OK — all services checked
[2026-04-21T04:30:01Z] OK — all services checked
[2026-04-21T04:35:01Z] OK — all services checked
[2026-04-21T04:40:01Z] OK — all services checked
[2026-04-21T04:45:01Z] OK — all services checked
[2026-04-21T04:50:01Z] OK — all services checked
[2026-04-21T04:55:01Z] OK — all services checked
[2026-04-21T05:00:01Z] OK — all services checked
[2026-04-21T05:05:01Z] OK — all services checked
[2026-04-21T05:10:01Z] OK — all services checked
[2026-04-21T05:15:01Z] OK — all services checked
[2026-04-21T05:20:01Z] OK — all services checked
[2026-04-21T05:25:01Z] OK — all services checked
[2026-04-21T05:30:01Z] OK — all services checked
[2026-04-21T05:35:01Z] OK — all services checked
[2026-04-21T05:40:01Z] OK — all services checked
[2026-04-21T05:45:01Z] OK — all services checked
[2026-04-21T05:50:01Z] OK — all services checked
[2026-04-21T05:55:01Z] OK — all services checked
[2026-04-21T06:00:01Z] OK — all services checked
[2026-04-21T06:05:01Z] OK — all services checked
[2026-04-21T06:10:01Z] OK — all services checked
[2026-04-21T06:15:01Z] OK — all services checked
[2026-04-21T06:20:01Z] OK — all services checked
[2026-04-21T06:25:01Z] OK — all services checked
[2026-04-21T06:30:01Z] OK — all services checked
[2026-04-21T06:35:01Z] OK — all services checked
[2026-04-21T06:40:01Z] OK — all services checked
[2026-04-21T06:45:01Z] OK — all services checked
[2026-04-21T06:50:01Z] OK — all services checked
[2026-04-21T06:55:01Z] OK — all services checked
[2026-04-21T07:00:01Z] OK — all services checked
[2026-04-21T07:05:01Z] OK — all services checked
[2026-04-21T07:10:01Z] OK — all services checked
[2026-04-21T07:15:01Z] OK — all services checked
[2026-04-21T07:20:01Z] OK — all services checked
[2026-04-21T07:25:01Z] OK — all services checked
[2026-04-21T07:30:01Z] OK — all services checked
[2026-04-21T07:35:01Z] OK — all services checked
[2026-04-21T07:40:01Z] OK — all services checked
[2026-04-21T07:45:01Z] OK — all services checked
[2026-04-21T07:50:01Z] OK — all services checked
[2026-04-21T07:55:01Z] OK — all services checked
[2026-04-21T08:00:01Z] OK — all services checked
[2026-04-21T08:05:01Z] OK — all services checked
[2026-04-21T08:10:01Z] OK — all services checked
[2026-04-21T08:15:01Z] OK — all services checked
[2026-04-21T08:20:01Z] OK — all services checked
[2026-04-21T08:25:01Z] OK — all services checked
[2026-04-21T08:30:01Z] OK — all services checked
[2026-04-21T08:35:01Z] OK — all services checked
[2026-04-21T08:40:01Z] OK — all services checked
[2026-04-21T08:45:01Z] OK — all services checked
[2026-04-21T08:50:02Z] OK — all services checked
[2026-04-21T08:55:01Z] OK — all services checked
[2026-04-21T09:00:01Z] OK — all services checked
[2026-04-21T09:05:01Z] OK — all services checked
[2026-04-21T09:10:01Z] OK — all services checked
[2026-04-21T09:15:01Z] OK — all services checked
[2026-04-21T09:20:01Z] OK — all services checked
[2026-04-21T09:25:01Z] OK — all services checked
[2026-04-21T09:30:01Z] OK — all services checked
[2026-04-21T09:35:01Z] OK — all services checked
[2026-04-21T09:40:01Z] OK — all services checked
[2026-04-21T09:45:01Z] OK — all services checked
[2026-04-21T09:50:01Z] OK — all services checked
[2026-04-21T09:55:01Z] OK — all services checked
[2026-04-21T10:00:01Z] OK — all services checked
[2026-04-21T10:05:01Z] OK — all services checked
[2026-04-21T10:10:01Z] OK — all services checked
[2026-04-21T10:15:01Z] OK — all services checked
[2026-04-21T10:20:01Z] OK — all services checked
[2026-04-21T10:25:01Z] OK — all services checked
[2026-04-21T10:30:01Z] OK — all services checked
[2026-04-21T10:35:01Z] OK — all services checked
[2026-04-21T10:40:01Z] OK — all services checked
[2026-04-21T10:45:01Z] OK — all services checked
[2026-04-21T10:50:01Z] OK — all services checked
[2026-04-21T10:55:01Z] OK — all services checked
[2026-04-21T11:00:01Z] OK — all services checked
[2026-04-21T11:05:01Z] OK — all services checked
[2026-04-21T11:10:01Z] OK — all services checked
[2026-04-21T11:15:01Z] OK — all services checked
[2026-04-21T11:20:01Z] OK — all services checked
[2026-04-21T11:25:01Z] OK — all services checked
[2026-04-21T11:30:01Z] OK — all services checked
[2026-04-21T11:35:01Z] OK — all services checked
[2026-04-21T11:40:01Z] OK — all services checked
[2026-04-21T11:45:01Z] OK — all services checked
[2026-04-21T11:50:01Z] OK — all services checked
[2026-04-21T11:55:01Z] OK — all services checked
[2026-04-21T12:00:01Z] OK — all services checked
[2026-04-21T12:05:01Z] OK — all services checked
[2026-04-21T12:10:01Z] OK — all services checked
[2026-04-21T12:15:01Z] OK — all services checked
[2026-04-21T12:20:01Z] OK — all services checked
[2026-04-21T12:25:01Z] OK — all services checked
[2026-04-21T12:30:01Z] OK — all services checked
[2026-04-21T12:35:01Z] OK — all services checked
[2026-04-21T12:40:01Z] OK — all services checked
[2026-04-21T12:45:01Z] OK — all services checked
[2026-04-21T12:50:01Z] OK — all services checked
[2026-04-21T12:55:01Z] OK — all services checked
[2026-04-21T13:00:01Z] OK — all services checked
[2026-04-21T13:05:01Z] OK — all services checked
[2026-04-21T13:10:01Z] OK — all services checked
[2026-04-21T13:15:01Z] OK — all services checked
[2026-04-21T13:20:01Z] OK — all services checked
[2026-04-21T13:25:01Z] OK — all services checked
[2026-04-21T13:30:01Z] OK — all services checked
[2026-04-21T13:35:01Z] OK — all services checked
[2026-04-21T13:40:01Z] OK — all services checked
[2026-04-21T13:45:01Z] OK — all services checked
[2026-04-21T13:50:01Z] OK — all services checked
[2026-04-21T13:55:01Z] OK — all services checked
[2026-04-21T14:00:01Z] OK — all services checked
[2026-04-21T14:05:01Z] OK — all services checked
[2026-04-21T14:10:01Z] OK — all services checked
[2026-04-21T14:15:01Z] OK — all services checked
[2026-04-21T14:20:01Z] OK — all services checked
[2026-04-21T14:25:01Z] OK — all services checked
[2026-04-21T14:30:02Z] OK — all services checked
[2026-04-21T14:35:01Z] OK — all services checked
[2026-04-21T14:40:01Z] OK — all services checked
[2026-04-21T14:45:01Z] OK — all services checked
[2026-04-21T14:50:01Z] OK — all services checked
[2026-04-21T14:55:01Z] OK — all services checked
[2026-04-21T15:00:01Z] OK — all services checked
[2026-04-21T15:05:01Z] OK — all services checked
[2026-04-21T15:10:01Z] OK — all services checked
[2026-04-21T15:15:01Z] OK — all services checked
[2026-04-21T15:20:01Z] OK — all services checked
[2026-04-21T15:25:01Z] OK — all services checked
[2026-04-21T15:30:01Z] OK — all services checked
[2026-04-21T15:35:01Z] OK — all services checked
[2026-04-21T15:40:01Z] OK — all services checked
[2026-04-21T15:45:01Z] OK — all services checked
[2026-04-21T15:50:01Z] OK — all services checked
[2026-04-21T15:55:02Z] OK — all services checked
[2026-04-21T16:00:01Z] OK — all services checked
[2026-04-21T16:05:01Z] OK — all services checked
[2026-04-21T16:10:01Z] OK — all services checked
[2026-04-21T16:15:01Z] OK — all services checked
[2026-04-21T16:20:01Z] OK — all services checked
[2026-04-21T16:25:01Z] OK — all services checked
[2026-04-21T16:30:01Z] OK — all services checked
[2026-04-21T16:35:01Z] OK — all services checked
[2026-04-21T16:40:01Z] OK — all services checked
[2026-04-21T16:45:01Z] OK — all services checked
[2026-04-21T16:50:01Z] OK — all services checked
[2026-04-21T16:55:01Z] OK — all services checked
[2026-04-21T17:00:01Z] OK — all services checked
[2026-04-21T17:05:01Z] OK — all services checked
[2026-04-21T17:10:01Z] OK — all services checked
[2026-04-21T17:15:01Z] OK — all services checked
[2026-04-21T17:20:01Z] OK — all services checked
[2026-04-21T17:25:01Z] OK — all services checked
[2026-04-21T17:30:01Z] OK — all services checked
[2026-04-21T17:35:01Z] OK — all services checked
[2026-04-21T17:40:01Z] OK — all services checked
[2026-04-21T17:45:01Z] OK — all services checked
[2026-04-21T17:50:02Z] OK — all services checked
[2026-04-21T17:55:01Z] OK — all services checked
[2026-04-21T18:00:01Z] OK — all services checked
[2026-04-21T18:05:01Z] OK — all services checked
[2026-04-21T18:10:01Z] OK — all services checked
[2026-04-21T18:15:01Z] OK — all services checked
[2026-04-21T18:20:01Z] OK — all services checked
[2026-04-21T18:25:02Z] OK — all services checked
[2026-04-21T18:30:01Z] OK — all services checked
[2026-04-21T18:35:01Z] OK — all services checked
[2026-04-21T18:40:01Z] OK — all services checked
[2026-04-21T18:45:01Z] OK — all services checked
[2026-04-21T18:50:01Z] OK — all services checked
[2026-04-21T18:55:01Z] OK — all services checked
[2026-04-21T19:00:01Z] OK — all services checked
[2026-04-21T19:05:01Z] OK — all services checked
[2026-04-21T19:10:01Z] OK — all services checked
[2026-04-21T19:15:01Z] OK — all services checked
[2026-04-21T19:20:01Z] OK — all services checked
[2026-04-21T19:25:01Z] OK — all services checked
[2026-04-21T19:30:01Z] OK — all services checked
[2026-04-21T19:35:01Z] OK — all services checked
[2026-04-21T19:40:01Z] OK — all services checked
[2026-04-21T19:45:01Z] OK — all services checked
[2026-04-21T19:50:01Z] OK — all services checked
[2026-04-21T19:55:01Z] OK — all services checked
[2026-04-21T20:00:01Z] OK — all services checked
[2026-04-21T20:05:01Z] OK — all services checked
[2026-04-21T20:10:01Z] OK — all services checked
[2026-04-21T20:15:01Z] OK — all services checked
[2026-04-21T20:20:01Z] OK — all services checked
[2026-04-21T20:25:01Z] OK — all services checked
[2026-04-21T20:30:01Z] OK — all services checked
[2026-04-21T20:35:01Z] OK — all services checked
[2026-04-21T20:40:01Z] OK — all services checked
[2026-04-21T20:45:01Z] OK — all services checked
[2026-04-21T20:50:01Z] OK — all services checked
[2026-04-21T20:55:01Z] OK — all services checked
[2026-04-21T21:00:01Z] OK — all services checked
[2026-04-21T21:05:01Z] OK — all services checked
[2026-04-21T21:10:01Z] OK — all services checked
[2026-04-21T21:15:01Z] OK — all services checked
[2026-04-21T21:20:01Z] OK — all services checked
[2026-04-21T21:25:03Z] DOWN federated-nexus:4047
[2026-04-21T21:25:03Z] MISSING 
[2026-04-21T21:25:08Z] FAILED federated-nexus:4047
[2026-04-21T21:25:08Z] OK — all services checked
[2026-04-21T21:30:03Z] DOWN federated-nexus:4047
[2026-04-21T21:30:03Z] MISSING 
[2026-04-21T21:30:08Z] FAILED federated-nexus:4047
[2026-04-21T21:30:08Z] OK — all services checked
[2026-04-21T21:35:03Z] DOWN federated-nexus:4047
[2026-04-21T21:35:03Z] MISSING 
[2026-04-21T21:35:08Z] FAILED federated-nexus:4047
[2026-04-21T21:35:08Z] OK — all services checked
[2026-04-21T21:40:03Z] DOWN federated-nexus:4047
[2026-04-21T21:40:03Z] MISSING 
[2026-04-21T21:40:08Z] FAILED federated-nexus:4047
[2026-04-21T21:40:08Z] OK — all services checked
[2026-04-21T21:45:03Z] DOWN federated-nexus:4047
[2026-04-21T21:45:03Z] MISSING 
[2026-04-21T21:45:08Z] FAILED federated-nexus:4047
[2026-04-21T21:45:08Z] OK — all services checked
[2026-04-21T21:50:03Z] DOWN federated-nexus:4047
[2026-04-21T21:50:03Z] MISSING 
[2026-04-21T21:50:08Z] FAILED federated-nexus:4047
[2026-04-21T21:50:08Z] OK — all services checked
[2026-04-21T21:55:03Z] DOWN federated-nexus:4047
[2026-04-21T21:55:03Z] MISSING 
[2026-04-21T21:55:08Z] FAILED federated-nexus:4047
[2026-04-21T21:55:08Z] OK — all services checked
[2026-04-21T22:00:03Z] DOWN federated-nexus:4047
[2026-04-21T22:00:03Z] MISSING 
[2026-04-21T22:00:08Z] FAILED federated-nexus:4047
[2026-04-21T22:00:08Z] OK — all services checked
[2026-04-21T22:05:03Z] DOWN federated-nexus:4047
[2026-04-21T22:05:03Z] MISSING 
[2026-04-21T22:05:08Z] FAILED federated-nexus:4047
[2026-04-21T22:05:08Z] OK — all services checked
[2026-04-21T22:10:03Z] DOWN federated-nexus:4047
[2026-04-21T22:10:03Z] MISSING 
[2026-04-21T22:10:08Z] FAILED federated-nexus:4047
[2026-04-21T22:10:09Z] OK — all services checked
[2026-04-21T22:15:03Z] DOWN federated-nexus:4047
[2026-04-21T22:15:03Z] MISSING 
[2026-04-21T22:15:08Z] FAILED federated-nexus:4047
[2026-04-21T22:15:08Z] OK — all services checked
[2026-04-21T22:20:03Z] DOWN federated-nexus:4047
[2026-04-21T22:20:03Z] MISSING 
[2026-04-21T22:20:08Z] FAILED federated-nexus:4047
[2026-04-21T22:20:08Z] OK — all services checked
[2026-04-21T22:25:03Z] DOWN federated-nexus:4047
[2026-04-21T22:25:03Z] MISSING 
[2026-04-21T22:25:08Z] FAILED federated-nexus:4047
[2026-04-21T22:25:08Z] OK — all services checked
[2026-04-21T22:30:03Z] DOWN federated-nexus:4047
[2026-04-21T22:30:03Z] MISSING 
[2026-04-21T22:30:08Z] FAILED federated-nexus:4047
[2026-04-21T22:30:08Z] OK — all services checked
[2026-04-21T22:35:03Z] DOWN federated-nexus:4047
[2026-04-21T22:35:03Z] MISSING 
[2026-04-21T22:35:08Z] FAILED federated-nexus:4047
[2026-04-21T22:35:08Z] OK — all services checked
[2026-04-21T22:40:03Z] DOWN federated-nexus:4047
[2026-04-21T22:40:03Z] MISSING 
[2026-04-21T22:40:08Z] FAILED federated-nexus:4047
[2026-04-21T22:40:08Z] OK — all services checked
[2026-04-21T22:45:03Z] DOWN federated-nexus:4047
[2026-04-21T22:45:03Z] MISSING 
[2026-04-21T22:45:08Z] FAILED federated-nexus:4047
[2026-04-21T22:45:08Z] OK — all services checked
[2026-04-21T22:50:03Z] DOWN federated-nexus:4047
[2026-04-21T22:50:03Z] MISSING 
[2026-04-21T22:50:08Z] FAILED federated-nexus:4047
[2026-04-21T22:50:08Z] OK — all services checked
[2026-04-21T22:55:03Z] DOWN federated-nexus:4047
[2026-04-21T22:55:03Z] MISSING 
[2026-04-21T22:55:08Z] FAILED federated-nexus:4047
[2026-04-21T22:55:08Z] OK — all services checked
[2026-04-21T23:00:03Z] DOWN federated-nexus:4047
[2026-04-21T23:00:03Z] MISSING 
[2026-04-21T23:00:08Z] FAILED federated-nexus:4047
[2026-04-21T23:00:08Z] OK — all services checked
[2026-04-21T23:05:03Z] DOWN federated-nexus:4047
[2026-04-21T23:05:03Z] MISSING 
[2026-04-21T23:05:08Z] FAILED federated-nexus:4047
[2026-04-21T23:05:08Z] OK — all services checked
[2026-04-21T23:10:03Z] DOWN federated-nexus:4047
[2026-04-21T23:10:03Z] MISSING 
[2026-04-21T23:10:08Z] FAILED federated-nexus:4047
[2026-04-21T23:10:08Z] OK — all services checked
[2026-04-21T23:15:03Z] DOWN federated-nexus:4047
[2026-04-21T23:15:03Z] MISSING 
[2026-04-21T23:15:08Z] FAILED federated-nexus:4047
[2026-04-21T23:15:08Z] OK — all services checked
[2026-04-21T23:20:03Z] DOWN federated-nexus:4047
[2026-04-21T23:20:03Z] MISSING 
[2026-04-21T23:20:08Z] FAILED federated-nexus:4047
[2026-04-21T23:20:08Z] OK — all services checked
[2026-04-21T23:25:03Z] DOWN federated-nexus:4047
[2026-04-21T23:25:03Z] MISSING 
[2026-04-21T23:25:08Z] FAILED federated-nexus:4047
[2026-04-21T23:25:08Z] OK — all services checked
[2026-04-21T23:30:03Z] DOWN federated-nexus:4047
[2026-04-21T23:30:03Z] MISSING 
[2026-04-21T23:30:08Z] FAILED federated-nexus:4047
[2026-04-21T23:30:08Z] OK — all services checked
[2026-04-21T23:35:03Z] DOWN federated-nexus:4047
[2026-04-21T23:35:03Z] MISSING 
[2026-04-21T23:35:08Z] FAILED federated-nexus:4047
[2026-04-21T23:35:08Z] OK — all services checked
[2026-04-21T23:40:01Z] DOWN fleet-orchestrator:8849
[2026-04-21T23:40:01Z] MISSING 
[2026-04-21T23:40:04Z] FAILED fleet-orchestrator:8849
[2026-04-21T23:40:04Z] OK — all services checked
